0 info it worked if it ends with ok
1 verbose cli [ 'C:\\Program Files\\nodejs\\\\node.exe',
1 verbose cli   'C:\\Program Files\\nodejs\\node_modules\\npm\\bin\\npm-cli.js',
1 verbose cli   'install',
1 verbose cli   'hiredis',
1 verbose cli   '--save' ]
2 info using npm@2.5.1
3 info using node@v0.12.0
4 verbose node symlink C:\Program Files\nodejs\\node.exe
5 warn package.json expresssoup@1.0.0 No description
6 warn package.json expresssoup@1.0.0 No repository field.
7 warn package.json expresssoup@1.0.0 No README data
8 verbose readDependencies npm-shrinkwrap.json is overriding dependencies
9 info shrinkwrap file "C:\\Users\\Nix\\dev\\expresssoup\\npm-shrinkwrap.json"
10 verbose readDependencies returned deps { 'body-parser': 'https://registry.npmjs.org/body-parser/-/body-parser-1.12.3.tgz',
10 verbose readDependencies returned deps   express: 'https://registry.npmjs.org/express/-/express-4.12.3.tgz' }
11 silly cache add args [ 'hiredis', null ]
12 verbose cache add spec hiredis
13 silly cache add parsed spec { raw: 'hiredis',
13 silly cache add   scope: null,
13 silly cache add   name: 'hiredis',
13 silly cache add   rawSpec: '',
13 silly cache add   spec: '*',
13 silly cache add   type: 'range' }
14 verbose addNamed hiredis@*
15 silly addNamed semver.valid null
16 silly addNamed semver.validRange *
17 silly addNameRange { name: 'hiredis', range: '*', hasData: false }
18 silly mapToRegistry name hiredis
19 silly mapToRegistry using default registry
20 silly mapToRegistry registry https://registry.npmjs.org/
21 silly mapToRegistry uri https://registry.npmjs.org/hiredis
22 verbose addNameRange registry:https://registry.npmjs.org/hiredis not in flight; fetching
23 verbose request uri https://registry.npmjs.org/hiredis
24 verbose request no auth needed
25 info attempt registry request try #1 at 10:26:59 PM
26 verbose request id 90bcda6c4f39a00f
27 verbose etag "BYD1XE4FT4BRVHLQSDF4CRS62"
28 http request GET https://registry.npmjs.org/hiredis
29 http 304 https://registry.npmjs.org/hiredis
30 silly get cb [ 304,
30 silly get   { date: 'Mon, 20 Apr 2015 02:26:58 GMT',
30 silly get     server: 'Apache',
30 silly get     via: '1.1 varnish',
30 silly get     'last-modified': 'Mon, 20 Apr 2015 02:26:59 GMT',
30 silly get     'cache-control': 'max-age=60',
30 silly get     etag: '"BYD1XE4FT4BRVHLQSDF4CRS62"',
30 silly get     age: '0',
30 silly get     'x-served-by': 'cache-jfk1030-JFK',
30 silly get     'x-cache': 'HIT',
30 silly get     'x-cache-hits': '1',
30 silly get     'x-timer': 'S1429496818.755509,VS0,VE351',
30 silly get     vary: 'Accept',
30 silly get     'content-length': '0',
30 silly get     'keep-alive': 'timeout=10, max=50',
30 silly get     connection: 'Keep-Alive' } ]
31 verbose etag https://registry.npmjs.org/hiredis from cache
32 verbose get saving hiredis to C:\Users\Nix\AppData\Roaming\npm-cache\registry.npmjs.org\hiredis\.cache.json
33 silly addNameRange number 2 { name: 'hiredis', range: '*', hasData: true }
34 silly addNameRange versions [ 'hiredis',
34 silly addNameRange   [ '0.1.0',
34 silly addNameRange     '0.1.1',
34 silly addNameRange     '0.1.2',
34 silly addNameRange     '0.1.3',
34 silly addNameRange     '0.1.4',
34 silly addNameRange     '0.1.5',
34 silly addNameRange     '0.1.6',
34 silly addNameRange     '0.1.8',
34 silly addNameRange     '0.1.9',
34 silly addNameRange     '0.1.10',
34 silly addNameRange     '0.1.12',
34 silly addNameRange     '0.1.13',
34 silly addNameRange     '0.1.14',
34 silly addNameRange     '0.1.15',
34 silly addNameRange     '0.1.16',
34 silly addNameRange     '0.1.17',
34 silly addNameRange     '0.2.0',
34 silly addNameRange     '0.3.0' ] ]
35 verbose addNamed hiredis@0.3.0
36 silly addNamed semver.valid 0.3.0
37 silly addNamed semver.validRange 0.3.0
38 silly cache afterAdd hiredis@0.3.0
39 verbose afterAdd C:\Users\Nix\AppData\Roaming\npm-cache\hiredis\0.3.0\package\package.json not in flight; writing
40 verbose afterAdd C:\Users\Nix\AppData\Roaming\npm-cache\hiredis\0.3.0\package\package.json written
41 silly install resolved [ { name: 'hiredis',
41 silly install resolved     description: 'Wrapper for reply processing code in hiredis',
41 silly install resolved     version: '0.3.0',
41 silly install resolved     homepage: 'http://github.com/redis/hiredis-node',
41 silly install resolved     author: { name: 'Jan-Erik Rediger', email: 'janerik@fnordig.de' },
41 silly install resolved     contributors: [ [Object] ],
41 silly install resolved     main: 'hiredis',
41 silly install resolved     scripts:
41 silly install resolved      { test: 'node test/reader.js && node test/writer.js',
41 silly install resolved        install: 'node-gyp rebuild' },
41 silly install resolved     dependencies: { bindings: '*', nan: '~1.5.0' },
41 silly install resolved     engines: { node: '>= 0.8.0' },
41 silly install resolved     repository:
41 silly install resolved      { type: 'git',
41 silly install resolved        url: 'https://github.com/redis/hiredis-node.git' },
41 silly install resolved     bugs: { url: 'https://github.com/redis/hiredis-node/issues' },
41 silly install resolved     licenses: [ [Object] ],
41 silly install resolved     gypfile: true,
41 silly install resolved     gitHead: '5f8769748a81ed4d1b256798f7675f2651f0fbae',
41 silly install resolved     _id: 'hiredis@0.3.0',
41 silly install resolved     _shasum: '8981aa09d0f9d7e00c88ceec72ece68444f412d9',
41 silly install resolved     _from: 'hiredis@*',
41 silly install resolved     _npmVersion: '2.7.4',
41 silly install resolved     _nodeVersion: '0.12.2',
41 silly install resolved     _npmUser: { name: 'badboy_', email: 'janerik@fnordig.de' },
41 silly install resolved     maintainers: [ [Object], [Object] ],
41 silly install resolved     dist:
41 silly install resolved      { shasum: '8981aa09d0f9d7e00c88ceec72ece68444f412d9',
41 silly install resolved        tarball: 'http://registry.npmjs.org/hiredis/-/hiredis-0.3.0.tgz' },
41 silly install resolved     directories: {},
41 silly install resolved     _resolved: 'https://registry.npmjs.org/hiredis/-/hiredis-0.3.0.tgz',
41 silly install resolved     readme: 'ERROR: No README data found!' } ]
42 info install hiredis@0.3.0 into C:\Users\Nix\dev\expresssoup
43 info installOne hiredis@0.3.0
44 verbose installOne of hiredis to C:\Users\Nix\dev\expresssoup not in flight; installing
45 verbose lock using C:\Users\Nix\AppData\Roaming\npm-cache\_locks\hiredis-36184103d7681fcb.lock for C:\Users\Nix\dev\expresssoup\node_modules\hiredis
46 silly install write writing hiredis 0.3.0 to C:\Users\Nix\dev\expresssoup\node_modules\hiredis
47 silly cache addNamed cb hiredis@0.3.0
48 verbose unbuild node_modules\hiredis
49 verbose gentlyRm vacuuming C:\Users\Nix\dev\expresssoup\node_modules\hiredis
50 verbose tar unpack C:\Users\Nix\AppData\Roaming\npm-cache\hiredis\0.3.0\package.tgz
51 verbose tar unpacking to C:\Users\Nix\dev\expresssoup\node_modules\hiredis
52 verbose gentlyRm vacuuming C:\Users\Nix\dev\expresssoup\node_modules\hiredis
53 silly gunzTarPerm modes [ '777', '666' ]
54 silly gunzTarPerm extractEntry package.json
55 silly gunzTarPerm modified mode [ 'package.json', 420, 438 ]
56 silly gunzTarPerm extractEntry .npmignore
57 silly gunzTarPerm modified mode [ '.npmignore', 420, 438 ]
58 silly gunzTarPerm extractEntry README.md
59 silly gunzTarPerm modified mode [ 'README.md', 420, 438 ]
60 silly gunzTarPerm extractEntry bench.js
61 silly gunzTarPerm modified mode [ 'bench.js', 420, 438 ]
62 silly gunzTarPerm extractEntry hiredis.js
63 silly gunzTarPerm modified mode [ 'hiredis.js', 420, 438 ]
64 silly gunzTarPerm extractEntry binding.gyp
65 silly gunzTarPerm modified mode [ 'binding.gyp', 420, 438 ]
66 silly gunzTarPerm extractEntry Makefile
67 silly gunzTarPerm modified mode [ 'Makefile', 420, 438 ]
68 silly gunzTarPerm extractEntry appveyor.yml
69 silly gunzTarPerm modified mode [ 'appveyor.yml', 420, 438 ]
70 silly gunzTarPerm extractEntry .gitmodules
71 silly gunzTarPerm modified mode [ '.gitmodules', 420, 438 ]
72 silly gunzTarPerm extractEntry .travis.yml
73 silly gunzTarPerm modified mode [ '.travis.yml', 420, 438 ]
74 silly gunzTarPerm extractEntry deps/hiredis/.npmignore
75 silly gunzTarPerm modified mode [ 'deps/hiredis/.npmignore', 420, 438 ]
76 silly gunzTarPerm extractEntry deps/hiredis/README.md
77 silly gunzTarPerm modified mode [ 'deps/hiredis/README.md', 420, 438 ]
78 silly gunzTarPerm extractEntry deps/hiredis/CHANGELOG.md
79 silly gunzTarPerm modified mode [ 'deps/hiredis/CHANGELOG.md', 420, 438 ]
80 silly gunzTarPerm extractEntry deps/hiredis/COPYING
81 silly gunzTarPerm modified mode [ 'deps/hiredis/COPYING', 420, 438 ]
82 silly gunzTarPerm extractEntry deps/hiredis/Makefile
83 silly gunzTarPerm modified mode [ 'deps/hiredis/Makefile', 420, 438 ]
84 silly gunzTarPerm extractEntry deps/hiredis/win32.h
85 silly gunzTarPerm modified mode [ 'deps/hiredis/win32.h', 420, 438 ]
86 silly gunzTarPerm extractEntry deps/hiredis/adapters/ae.h
87 silly gunzTarPerm modified mode [ 'deps/hiredis/adapters/ae.h', 420, 438 ]
88 silly gunzTarPerm extractEntry deps/hiredis/adapters/glib.h
89 silly gunzTarPerm modified mode [ 'deps/hiredis/adapters/glib.h', 420, 438 ]
90 silly gunzTarPerm extractEntry deps/hiredis/adapters/libev.h
91 silly gunzTarPerm modified mode [ 'deps/hiredis/adapters/libev.h', 420, 438 ]
92 silly gunzTarPerm extractEntry deps/hiredis/adapters/libevent.h
93 silly gunzTarPerm modified mode [ 'deps/hiredis/adapters/libevent.h', 420, 438 ]
94 silly gunzTarPerm extractEntry deps/hiredis/adapters/libuv.h
95 silly gunzTarPerm modified mode [ 'deps/hiredis/adapters/libuv.h', 420, 438 ]
96 silly gunzTarPerm extractEntry deps/hiredis/async.c
97 silly gunzTarPerm modified mode [ 'deps/hiredis/async.c', 420, 438 ]
98 silly gunzTarPerm extractEntry deps/hiredis/async.h
99 silly gunzTarPerm modified mode [ 'deps/hiredis/async.h', 420, 438 ]
100 silly gunzTarPerm extractEntry deps/hiredis/dict.c
101 silly gunzTarPerm modified mode [ 'deps/hiredis/dict.c', 420, 438 ]
102 silly gunzTarPerm extractEntry deps/hiredis/dict.h
103 silly gunzTarPerm modified mode [ 'deps/hiredis/dict.h', 420, 438 ]
104 silly gunzTarPerm extractEntry deps/hiredis/.travis.yml
105 silly gunzTarPerm modified mode [ 'deps/hiredis/.travis.yml', 420, 438 ]
106 silly gunzTarPerm extractEntry deps/hiredis/fmacros.h
107 silly gunzTarPerm modified mode [ 'deps/hiredis/fmacros.h', 420, 438 ]
108 silly gunzTarPerm extractEntry deps/hiredis/hiredis.c
109 silly gunzTarPerm modified mode [ 'deps/hiredis/hiredis.c', 420, 438 ]
110 silly gunzTarPerm extractEntry deps/hiredis/hiredis.h
111 silly gunzTarPerm modified mode [ 'deps/hiredis/hiredis.h', 420, 438 ]
112 silly gunzTarPerm extractEntry deps/hiredis/net.c
113 silly gunzTarPerm modified mode [ 'deps/hiredis/net.c', 420, 438 ]
114 silly gunzTarPerm extractEntry deps/hiredis/net.h
115 silly gunzTarPerm modified mode [ 'deps/hiredis/net.h', 420, 438 ]
116 silly gunzTarPerm extractEntry deps/hiredis/read.c
117 silly gunzTarPerm modified mode [ 'deps/hiredis/read.c', 420, 438 ]
118 silly gunzTarPerm extractEntry deps/hiredis/read.h
119 silly gunzTarPerm modified mode [ 'deps/hiredis/read.h', 420, 438 ]
120 silly gunzTarPerm extractEntry deps/hiredis/sds.c
121 silly gunzTarPerm modified mode [ 'deps/hiredis/sds.c', 420, 438 ]
122 silly gunzTarPerm extractEntry deps/hiredis/sds.h
123 silly gunzTarPerm modified mode [ 'deps/hiredis/sds.h', 420, 438 ]
124 silly gunzTarPerm extractEntry deps/hiredis/test.c
125 silly gunzTarPerm modified mode [ 'deps/hiredis/test.c', 420, 438 ]
126 silly gunzTarPerm extractEntry deps/hiredis/examples/example-ae.c
127 silly gunzTarPerm modified mode [ 'deps/hiredis/examples/example-ae.c', 420, 438 ]
128 silly gunzTarPerm extractEntry deps/hiredis/examples/example-glib.c
129 silly gunzTarPerm modified mode [ 'deps/hiredis/examples/example-glib.c', 420, 438 ]
130 silly gunzTarPerm extractEntry deps/hiredis/examples/example-libev.c
131 silly gunzTarPerm modified mode [ 'deps/hiredis/examples/example-libev.c', 420, 438 ]
132 silly gunzTarPerm extractEntry deps/hiredis/examples/example-libevent.c
133 silly gunzTarPerm modified mode [ 'deps/hiredis/examples/example-libevent.c', 420, 438 ]
134 silly gunzTarPerm extractEntry deps/hiredis/examples/example-libuv.c
135 silly gunzTarPerm modified mode [ 'deps/hiredis/examples/example-libuv.c', 420, 438 ]
136 silly gunzTarPerm extractEntry deps/hiredis/examples/example.c
137 silly gunzTarPerm modified mode [ 'deps/hiredis/examples/example.c', 420, 438 ]
138 silly gunzTarPerm extractEntry deps/hiredis.gyp
139 silly gunzTarPerm modified mode [ 'deps/hiredis.gyp', 420, 438 ]
140 silly gunzTarPerm extractEntry CHANGELOG.md
141 silly gunzTarPerm modified mode [ 'CHANGELOG.md', 420, 438 ]
142 silly gunzTarPerm extractEntry src/hiredis.cc
143 silly gunzTarPerm modified mode [ 'src/hiredis.cc', 420, 438 ]
144 silly gunzTarPerm extractEntry src/reader.cc
145 silly gunzTarPerm modified mode [ 'src/reader.cc', 420, 438 ]
146 silly gunzTarPerm extractEntry src/reader.h
147 silly gunzTarPerm modified mode [ 'src/reader.h', 420, 438 ]
148 silly gunzTarPerm extractEntry COPYING
149 silly gunzTarPerm modified mode [ 'COPYING', 420, 438 ]
150 silly gunzTarPerm extractEntry run-all.sh
151 silly gunzTarPerm modified mode [ 'run-all.sh', 493, 511 ]
152 silly gunzTarPerm extractEntry test/reader.js
153 silly gunzTarPerm modified mode [ 'test/reader.js', 420, 438 ]
154 silly gunzTarPerm extractEntry test/testlib.js
155 silly gunzTarPerm modified mode [ 'test/testlib.js', 420, 438 ]
156 silly gunzTarPerm extractEntry test/writer.js
157 silly gunzTarPerm modified mode [ 'test/writer.js', 420, 438 ]
158 info preinstall hiredis@0.3.0
159 silly prepareForInstallMany adding bindings@* from hiredis dependencies
160 silly prepareForInstallMany adding nan@~1.5.0 from hiredis dependencies
161 silly cache add args [ 'nan@~1.5.0', null ]
162 verbose cache add spec nan@~1.5.0
163 silly cache add parsed spec { raw: 'nan@~1.5.0',
163 silly cache add   scope: null,
163 silly cache add   name: 'nan',
163 silly cache add   rawSpec: '~1.5.0',
163 silly cache add   spec: '>=1.5.0 <1.6.0',
163 silly cache add   type: 'range' }
164 verbose addNamed nan@>=1.5.0 <1.6.0
165 silly addNamed semver.valid null
166 silly addNamed semver.validRange >=1.5.0 <1.6.0
167 silly addNameRange { name: 'nan', range: '>=1.5.0 <1.6.0', hasData: false }
168 silly mapToRegistry name nan
169 silly mapToRegistry using default registry
170 silly mapToRegistry registry https://registry.npmjs.org/
171 silly mapToRegistry uri https://registry.npmjs.org/nan
172 verbose addNameRange registry:https://registry.npmjs.org/nan not in flight; fetching
173 silly cache add args [ 'bindings@*', null ]
174 verbose cache add spec bindings@*
175 silly cache add parsed spec { raw: 'bindings@*',
175 silly cache add   scope: null,
175 silly cache add   name: 'bindings',
175 silly cache add   rawSpec: '*',
175 silly cache add   spec: '*',
175 silly cache add   type: 'range' }
176 verbose addNamed bindings@*
177 silly addNamed semver.valid null
178 silly addNamed semver.validRange *
179 silly addNameRange { name: 'bindings', range: '*', hasData: false }
180 silly mapToRegistry name bindings
181 silly mapToRegistry using default registry
182 silly mapToRegistry registry https://registry.npmjs.org/
183 silly mapToRegistry uri https://registry.npmjs.org/bindings
184 verbose addNameRange registry:https://registry.npmjs.org/bindings not in flight; fetching
185 verbose request uri https://registry.npmjs.org/bindings
186 verbose request no auth needed
187 info attempt registry request try #1 at 10:27:00 PM
188 verbose etag "5997G8NY1OJEMZ1HNHL7VBX5J"
189 http request GET https://registry.npmjs.org/bindings
190 verbose request uri https://registry.npmjs.org/nan
191 verbose request no auth needed
192 info attempt registry request try #1 at 10:27:00 PM
193 verbose etag "5IOU70T0MNE17LALUE9YPLT5T"
194 http request GET https://registry.npmjs.org/nan
195 http 304 https://registry.npmjs.org/bindings
196 silly get cb [ 304,
196 silly get   { date: 'Mon, 20 Apr 2015 02:26:59 GMT',
196 silly get     server: 'Apache',
196 silly get     via: '1.1 varnish',
196 silly get     'last-modified': 'Mon, 20 Apr 2015 02:19:50 GMT',
196 silly get     'cache-control': 'max-age=60',
196 silly get     etag: '"5997G8NY1OJEMZ1HNHL7VBX5J"',
196 silly get     age: '6',
196 silly get     'x-served-by': 'cache-jfk1024-JFK',
196 silly get     'x-cache': 'HIT',
196 silly get     'x-cache-hits': '28',
196 silly get     'x-timer': 'S1429496819.386433,VS0,VE0',
196 silly get     vary: 'Accept',
196 silly get     'content-length': '0',
196 silly get     'keep-alive': 'timeout=10, max=50',
196 silly get     connection: 'Keep-Alive' } ]
197 verbose etag https://registry.npmjs.org/bindings from cache
198 verbose get saving bindings to C:\Users\Nix\AppData\Roaming\npm-cache\registry.npmjs.org\bindings\.cache.json
199 http 304 https://registry.npmjs.org/nan
200 silly get cb [ 304,
200 silly get   { date: 'Mon, 20 Apr 2015 02:26:59 GMT',
200 silly get     server: 'Apache',
200 silly get     via: '1.1 varnish',
200 silly get     'last-modified': 'Mon, 20 Apr 2015 02:26:20 GMT',
200 silly get     'cache-control': 'max-age=60',
200 silly get     etag: '"5IOU70T0MNE17LALUE9YPLT5T"',
200 silly get     age: '48',
200 silly get     'x-served-by': 'cache-jfk1022-JFK',
200 silly get     'x-cache': 'HIT',
200 silly get     'x-cache-hits': '2',
200 silly get     'x-timer': 'S1429496819.386556,VS0,VE0',
200 silly get     vary: 'Accept',
200 silly get     'content-length': '0',
200 silly get     'keep-alive': 'timeout=10, max=50',
200 silly get     connection: 'Keep-Alive' } ]
201 verbose etag https://registry.npmjs.org/nan from cache
202 verbose get saving nan to C:\Users\Nix\AppData\Roaming\npm-cache\registry.npmjs.org\nan\.cache.json
203 silly addNameRange number 2 { name: 'bindings', range: '*', hasData: true }
204 silly addNameRange versions [ 'bindings',
204 silly addNameRange   [ '0.0.1',
204 silly addNameRange     '0.1.0',
204 silly addNameRange     '0.1.1',
204 silly addNameRange     '0.2.0',
204 silly addNameRange     '0.2.1',
204 silly addNameRange     '0.2.2',
204 silly addNameRange     '0.2.3',
204 silly addNameRange     '0.2.4',
204 silly addNameRange     '0.3.0',
204 silly addNameRange     '0.4.0',
204 silly addNameRange     '1.0.0',
204 silly addNameRange     '1.1.0',
204 silly addNameRange     '1.1.1',
204 silly addNameRange     '1.2.0',
204 silly addNameRange     '1.2.1' ] ]
205 verbose addNamed bindings@1.2.1
206 silly addNamed semver.valid 1.2.1
207 silly addNamed semver.validRange 1.2.1
208 silly addNameRange number 2 { name: 'nan', range: '>=1.5.0 <1.6.0', hasData: true }
209 silly addNameRange versions [ 'nan',
209 silly addNameRange   [ '0.3.0-wip',
209 silly addNameRange     '0.3.0-wip2',
209 silly addNameRange     '0.3.0',
209 silly addNameRange     '0.3.1',
209 silly addNameRange     '0.3.2',
209 silly addNameRange     '0.4.0',
209 silly addNameRange     '0.4.1',
209 silly addNameRange     '0.4.2',
209 silly addNameRange     '0.4.3',
209 silly addNameRange     '0.4.4',
209 silly addNameRange     '0.5.0',
209 silly addNameRange     '0.5.1',
209 silly addNameRange     '0.5.2',
209 silly addNameRange     '0.6.0',
209 silly addNameRange     '0.7.0',
209 silly addNameRange     '0.7.1',
209 silly addNameRange     '0.8.0',
209 silly addNameRange     '1.0.0',
209 silly addNameRange     '1.1.0',
209 silly addNameRange     '1.1.1',
209 silly addNameRange     '1.1.2',
209 silly addNameRange     '1.2.0',
209 silly addNameRange     '1.3.0',
209 silly addNameRange     '1.4.0',
209 silly addNameRange     '1.4.1',
209 silly addNameRange     '1.5.0',
209 silly addNameRange     '1.4.2',
209 silly addNameRange     '1.4.3',
209 silly addNameRange     '1.5.1',
209 silly addNameRange     '1.5.2',
209 silly addNameRange     '1.6.0',
209 silly addNameRange     '1.5.3',
209 silly addNameRange     '1.6.1',
209 silly addNameRange     '1.6.2',
209 silly addNameRange     '1.7.0' ] ]
210 verbose addNamed nan@1.5.3
211 silly addNamed semver.valid 1.5.3
212 silly addNamed semver.validRange 1.5.3
213 silly cache afterAdd bindings@1.2.1
214 verbose afterAdd C:\Users\Nix\AppData\Roaming\npm-cache\bindings\1.2.1\package\package.json not in flight; writing
215 silly cache afterAdd nan@1.5.3
216 verbose afterAdd C:\Users\Nix\AppData\Roaming\npm-cache\nan\1.5.3\package\package.json not in flight; writing
217 verbose afterAdd C:\Users\Nix\AppData\Roaming\npm-cache\nan\1.5.3\package\package.json written
218 verbose afterAdd C:\Users\Nix\AppData\Roaming\npm-cache\bindings\1.2.1\package\package.json written
219 silly install resolved [ { name: 'nan',
219 silly install resolved     version: '1.5.3',
219 silly install resolved     description: 'Native Abstractions for Node.js: C++ header for Node 0.8->0.12 compatibility',
219 silly install resolved     main: 'include_dirs.js',
219 silly install resolved     repository: { type: 'git', url: 'git://github.com/rvagg/nan.git' },
219 silly install resolved     scripts:
219 silly install resolved      { test: 'tap --gc test/js/*-test.js',
219 silly install resolved        'rebuild-tests': 'node-gyp rebuild --directory test' },
219 silly install resolved     contributors:
219 silly install resolved      [ [Object],
219 silly install resolved        [Object],
219 silly install resolved        [Object],
219 silly install resolved        [Object],
219 silly install resolved        [Object],
219 silly install resolved        [Object],
219 silly install resolved        [Object] ],
219 silly install resolved     devDependencies:
219 silly install resolved      { bindings: '~1.2.1',
219 silly install resolved        'node-gyp': '~1.0.2',
219 silly install resolved        tap: '~0.5.0',
219 silly install resolved        xtend: '~4.0.0' },
219 silly install resolved     license: 'MIT',
219 silly install resolved     gitHead: '28ea7e1b769f790c69deaf141b47e4d41e176e8b',
219 silly install resolved     bugs: { url: 'https://github.com/rvagg/nan/issues' },
219 silly install resolved     homepage: 'https://github.com/rvagg/nan',
219 silly install resolved     _id: 'nan@1.5.3',
219 silly install resolved     _shasum: '4cd0ecc133b7b0700a492a646add427ae8a318eb',
219 silly install resolved     _from: 'nan@>=1.5.0 <1.6.0',
219 silly install resolved     _npmVersion: '2.1.18',
219 silly install resolved     _nodeVersion: '1.0.3',
219 silly install resolved     _npmUser: { name: 'rvagg', email: 'rod@vagg.org' },
219 silly install resolved     maintainers: [ [Object], [Object] ],
219 silly install resolved     dist:
219 silly install resolved      { shasum: '4cd0ecc133b7b0700a492a646add427ae8a318eb',
219 silly install resolved        tarball: 'http://registry.npmjs.org/nan/-/nan-1.5.3.tgz' },
219 silly install resolved     directories: {},
219 silly install resolved     _resolved: 'https://registry.npmjs.org/nan/-/nan-1.5.3.tgz',
219 silly install resolved     readme: 'ERROR: No README data found!' },
219 silly install resolved   { name: 'bindings',
219 silly install resolved     description: 'Helper module for loading your native module\'s .node file',
219 silly install resolved     keywords: [ 'native', 'addon', 'bindings', 'gyp', 'waf', 'c', 'c++' ],
219 silly install resolved     version: '1.2.1',
219 silly install resolved     author:
219 silly install resolved      { name: 'Nathan Rajlich',
219 silly install resolved        email: 'nathan@tootallnate.net',
219 silly install resolved        url: 'http://tootallnate.net' },
219 silly install resolved     repository:
219 silly install resolved      { type: 'git',
219 silly install resolved        url: 'git://github.com/TooTallNate/node-bindings.git' },
219 silly install resolved     main: './bindings.js',
219 silly install resolved     bugs: { url: 'https://github.com/TooTallNate/node-bindings/issues' },
219 silly install resolved     homepage: 'https://github.com/TooTallNate/node-bindings',
219 silly install resolved     license: 'MIT',
219 silly install resolved     gitHead: 'e404152ee27f8478ccbc7122ee051246e8e5ec02',
219 silly install resolved     _id: 'bindings@1.2.1',
219 silly install resolved     scripts: {},
219 silly install resolved     _shasum: '14ad6113812d2d37d72e67b4cacb4bb726505f11',
219 silly install resolved     _from: 'bindings@*',
219 silly install resolved     _npmVersion: '1.4.14',
219 silly install resolved     _npmUser: { name: 'tootallnate', email: 'nathan@tootallnate.net' },
219 silly install resolved     maintainers: [ [Object], [Object] ],
219 silly install resolved     dist:
219 silly install resolved      { shasum: '14ad6113812d2d37d72e67b4cacb4bb726505f11',
219 silly install resolved        tarball: 'http://registry.npmjs.org/bindings/-/bindings-1.2.1.tgz' },
219 silly install resolved     directories: {},
219 silly install resolved     _resolved: 'https://registry.npmjs.org/bindings/-/bindings-1.2.1.tgz',
219 silly install resolved     readme: 'ERROR: No README data found!' } ]
220 info install nan@1.5.3 into C:\Users\Nix\dev\expresssoup\node_modules\hiredis
221 info install bindings@1.2.1 into C:\Users\Nix\dev\expresssoup\node_modules\hiredis
222 info installOne nan@1.5.3
223 verbose installOne of nan to C:\Users\Nix\dev\expresssoup\node_modules\hiredis not in flight; installing
224 info installOne bindings@1.2.1
225 verbose installOne of bindings to C:\Users\Nix\dev\expresssoup\node_modules\hiredis not in flight; installing
226 verbose lock using C:\Users\Nix\AppData\Roaming\npm-cache\_locks\nan-24a58d6da7fcf329.lock for C:\Users\Nix\dev\expresssoup\node_modules\hiredis\node_modules\nan
227 silly install write writing nan 1.5.3 to C:\Users\Nix\dev\expresssoup\node_modules\hiredis\node_modules\nan
228 silly cache addNamed cb nan@1.5.3
229 verbose unbuild node_modules\hiredis\node_modules\nan
230 verbose lock using C:\Users\Nix\AppData\Roaming\npm-cache\_locks\bindings-a4139e7f5a23ce15.lock for C:\Users\Nix\dev\expresssoup\node_modules\hiredis\node_modules\bindings
231 silly install write writing bindings 1.2.1 to C:\Users\Nix\dev\expresssoup\node_modules\hiredis\node_modules\bindings
232 silly cache addNamed cb bindings@1.2.1
233 verbose unbuild node_modules\hiredis\node_modules\bindings
234 verbose gentlyRm vacuuming C:\Users\Nix\dev\expresssoup\node_modules\hiredis\node_modules\nan
235 verbose tar unpack C:\Users\Nix\AppData\Roaming\npm-cache\nan\1.5.3\package.tgz
236 verbose tar unpacking to C:\Users\Nix\dev\expresssoup\node_modules\hiredis\node_modules\nan
237 verbose gentlyRm vacuuming C:\Users\Nix\dev\expresssoup\node_modules\hiredis\node_modules\nan
238 verbose gentlyRm vacuuming C:\Users\Nix\dev\expresssoup\node_modules\hiredis\node_modules\bindings
239 silly gunzTarPerm modes [ '777', '666' ]
240 verbose tar unpack C:\Users\Nix\AppData\Roaming\npm-cache\bindings\1.2.1\package.tgz
241 verbose tar unpacking to C:\Users\Nix\dev\expresssoup\node_modules\hiredis\node_modules\bindings
242 verbose gentlyRm vacuuming C:\Users\Nix\dev\expresssoup\node_modules\hiredis\node_modules\bindings
243 silly gunzTarPerm modes [ '777', '666' ]
244 silly gunzTarPerm extractEntry package.json
245 silly gunzTarPerm modified mode [ 'package.json', 436, 438 ]
246 silly gunzTarPerm extractEntry package.json
247 silly gunzTarPerm modified mode [ 'package.json', 420, 438 ]
248 silly gunzTarPerm extractEntry README.md
249 silly gunzTarPerm modified mode [ 'README.md', 436, 438 ]
250 silly gunzTarPerm extractEntry include_dirs.js
251 silly gunzTarPerm modified mode [ 'include_dirs.js', 420, 438 ]
252 silly gunzTarPerm extractEntry README.md
253 silly gunzTarPerm modified mode [ 'README.md', 420, 438 ]
254 silly gunzTarPerm extractEntry bindings.js
255 silly gunzTarPerm modified mode [ 'bindings.js', 420, 438 ]
256 silly gunzTarPerm extractEntry LICENSE.md
257 silly gunzTarPerm modified mode [ 'LICENSE.md', 436, 438 ]
258 silly gunzTarPerm extractEntry .dntrc
259 silly gunzTarPerm modified mode [ '.dntrc', 436, 438 ]
260 silly gunzTarPerm extractEntry appveyor.yml
261 silly gunzTarPerm modified mode [ 'appveyor.yml', 436, 438 ]
262 silly gunzTarPerm extractEntry nan.h
263 silly gunzTarPerm modified mode [ 'nan.h', 436, 438 ]
264 silly gunzTarPerm extractEntry nan_implementation_12_inl.h
265 silly gunzTarPerm modified mode [ 'nan_implementation_12_inl.h', 436, 438 ]
266 silly gunzTarPerm extractEntry nan_implementation_pre_12_inl.h
267 silly gunzTarPerm modified mode [ 'nan_implementation_pre_12_inl.h', 436, 438 ]
268 silly gunzTarPerm extractEntry nan_new.h
269 silly gunzTarPerm modified mode [ 'nan_new.h', 436, 438 ]
270 silly gunzTarPerm extractEntry CHANGELOG.md
271 silly gunzTarPerm modified mode [ 'CHANGELOG.md', 436, 438 ]
272 info preinstall bindings@1.2.1
273 silly install resolved []
274 verbose about to build C:\Users\Nix\dev\expresssoup\node_modules\hiredis\node_modules\bindings
275 info build C:\Users\Nix\dev\expresssoup\node_modules\hiredis\node_modules\bindings
276 verbose linkStuff [ false,
276 verbose linkStuff   false,
276 verbose linkStuff   false,
276 verbose linkStuff   'C:\\Users\\Nix\\dev\\expresssoup\\node_modules\\hiredis\\node_modules' ]
277 info linkStuff bindings@1.2.1
278 verbose linkBins bindings@1.2.1
279 verbose linkMans bindings@1.2.1
280 verbose rebuildBundles bindings@1.2.1
281 info install bindings@1.2.1
282 info postinstall bindings@1.2.1
283 verbose unlock done using C:\Users\Nix\AppData\Roaming\npm-cache\_locks\bindings-a4139e7f5a23ce15.lock for C:\Users\Nix\dev\expresssoup\node_modules\hiredis\node_modules\bindings
284 info preinstall nan@1.5.3
285 silly install resolved []
286 verbose about to build C:\Users\Nix\dev\expresssoup\node_modules\hiredis\node_modules\nan
287 info build C:\Users\Nix\dev\expresssoup\node_modules\hiredis\node_modules\nan
288 verbose linkStuff [ false,
288 verbose linkStuff   false,
288 verbose linkStuff   false,
288 verbose linkStuff   'C:\\Users\\Nix\\dev\\expresssoup\\node_modules\\hiredis\\node_modules' ]
289 info linkStuff nan@1.5.3
290 verbose linkBins nan@1.5.3
291 verbose linkMans nan@1.5.3
292 verbose rebuildBundles nan@1.5.3
293 info install nan@1.5.3
294 info postinstall nan@1.5.3
295 verbose unlock done using C:\Users\Nix\AppData\Roaming\npm-cache\_locks\nan-24a58d6da7fcf329.lock for C:\Users\Nix\dev\expresssoup\node_modules\hiredis\node_modules\nan
296 verbose about to build C:\Users\Nix\dev\expresssoup\node_modules\hiredis
297 info build C:\Users\Nix\dev\expresssoup\node_modules\hiredis
298 verbose linkStuff [ false,
298 verbose linkStuff   false,
298 verbose linkStuff   false,
298 verbose linkStuff   'C:\\Users\\Nix\\dev\\expresssoup\\node_modules' ]
299 info linkStuff hiredis@0.3.0
300 verbose linkBins hiredis@0.3.0
301 verbose linkMans hiredis@0.3.0
302 verbose rebuildBundles hiredis@0.3.0
303 verbose rebuildBundles [ 'bindings', 'nan' ]
304 info install hiredis@0.3.0
305 verbose unsafe-perm in lifecycle true
306 info hiredis@0.3.0 Failed to exec install script
307 verbose unlock done using C:\Users\Nix\AppData\Roaming\npm-cache\_locks\hiredis-36184103d7681fcb.lock for C:\Users\Nix\dev\expresssoup\node_modules\hiredis
308 verbose stack Error: hiredis@0.3.0 install: `node-gyp rebuild`
308 verbose stack Exit status 1
308 verbose stack     at EventEmitter.<anonymous> (C:\Program Files\nodejs\node_modules\npm\lib\utils\lifecycle.js:213:16)
308 verbose stack     at EventEmitter.emit (events.js:110:17)
308 verbose stack     at ChildProcess.<anonymous> (C:\Program Files\nodejs\node_modules\npm\lib\utils\spawn.js:14:12)
308 verbose stack     at ChildProcess.emit (events.js:110:17)
308 verbose stack     at maybeClose (child_process.js:1008:16)
308 verbose stack     at Process.ChildProcess._handle.onexit (child_process.js:1080:5)
309 verbose pkgid hiredis@0.3.0
310 verbose cwd C:\Users\Nix\dev\expresssoup
311 error Windows_NT 6.1.7601
312 error argv "C:\\Program Files\\nodejs\\\\node.exe" "C:\\Program Files\\nodejs\\node_modules\\npm\\bin\\npm-cli.js" "install" "hiredis" "--save"
313 error node v0.12.0
314 error npm  v2.5.1
315 error code ELIFECYCLE
316 error hiredis@0.3.0 install: `node-gyp rebuild`
316 error Exit status 1
317 error Failed at the hiredis@0.3.0 install script 'node-gyp rebuild'.
317 error This is most likely a problem with the hiredis package,
317 error not with npm itself.
317 error Tell the author that this fails on your system:
317 error     node-gyp rebuild
317 error You can get their info via:
317 error     npm owner ls hiredis
317 error There is likely additional logging output above.
318 verbose exit [ 1, true ]
319 verbose unbuild node_modules\hiredis
320 info preuninstall hiredis@0.3.0
321 info uninstall hiredis@0.3.0
322 verbose unbuild rmStuff hiredis@0.3.0 from C:\Users\Nix\dev\expresssoup\node_modules
323 info postuninstall hiredis@0.3.0
324 verbose gentlyRm vacuuming C:\Users\Nix\dev\expresssoup\node_modules\hiredis
325 silly gentlyRm purging C:\Users\Nix\dev\expresssoup\node_modules\hiredis
326 silly gentlyRm quitting because other entries in C:\Users\Nix\dev\expresssoup\node_modules
